/home/robson/.buildozer/android/platform/android-ndk-r25b/toolchains/llvm/prebuilt/linux-x86_64/bin/clang -target aarch64-linux-android21 -fomit-frame-pointer -march=armv8-a -fPIC -Wsign-compare -DNDEBUG -g -fwrapv -O3 -Wall -target aarch64-linux-android21 -fomit-frame-pointer -march=armv8-a -fPIC -I/home/robson/Sandbox/PyCharm/Apps/tap-race/myapp/.buildozer/android/platform/build-arm64-v8a_armeabi-v7a/build/other_builds/python3/arm64-v8a__ndk_target_21/python3/Include -DANDROID -I/home/robson/.buildozer/android/platform/android-ndk-r25b/toolchains/llvm/prebuilt/linux-x86_64/sysroot/usr/include -I/home/robson/Sandbox/PyCharm/Apps/tap-race/myapp/.buildozer/android/platform/build-arm64-v8a_armeabi-v7a/build/python-installs/taprace/arm64-v8a/include/python3.1 -fPIC -DHAVE_GETIFADDRS=1 -DHAVE_GETNAMEINFO=1 -I/home/robson/Sandbox/PyCharm/Apps/tap-race/myapp/.buildozer/android/platform/build-arm64-v8a_armeabi-v7a/build/other_builds/hostpython3/desktop/hostpython3/Include -I/home/robson/Sandbox/PyCharm/Apps/tap-race/myapp/.buildozer/android/platform/build-arm64-v8a_armeabi-v7a/build/other_builds/hostpython3/desktop/hostpython3/native-build -c build/temp.linux-x86_64-3.11/conftest-2.c -o build/temp.linux-x86_64-3.11/build/temp.linux-x86_64-3.11/conftest-2.o
build/temp.linux-x86_64-3.11/conftest-2.c:7:30: fatal error: 'netinet/in_var.h' file not found
                    #include <netinet/in_var.h>
                             ^~~~~~~~~~~~~~~~~~
1 error generated.
/home/robson/.buildozer/android/platform/android-ndk-r25b/toolchains/llvm/prebuilt/linux-x86_64/bin/clang -target aarch64-linux-android21 -fomit-frame-pointer -march=armv8-a -fPIC -Wsign-compare -DNDEBUG -g -fwrapv -O3 -Wall -target aarch64-linux-android21 -fomit-frame-pointer -march=armv8-a -fPIC -I/home/robson/Sandbox/PyCharm/Apps/tap-race/myapp/.buildozer/android/platform/build-arm64-v8a_armeabi-v7a/build/other_builds/python3/arm64-v8a__ndk_target_21/python3/Include -DANDROID -I/home/robson/.buildozer/android/platform/android-ndk-r25b/toolchains/llvm/prebuilt/linux-x86_64/sysroot/usr/include -I/home/robson/Sandbox/PyCharm/Apps/tap-race/myapp/.buildozer/android/platform/build-arm64-v8a_armeabi-v7a/build/python-installs/taprace/arm64-v8a/include/python3.1 -fPIC -DHAVE_GETIFADDRS=1 -DHAVE_GETNAMEINFO=1 -I/home/robson/Sandbox/PyCharm/Apps/tap-race/myapp/.buildozer/android/platform/build-arm64-v8a_armeabi-v7a/build/other_builds/hostpython3/desktop/hostpython3/Include -I/home/robson/Sandbox/PyCharm/Apps/tap-race/myapp/.buildozer/android/platform/build-arm64-v8a_armeabi-v7a/build/other_builds/hostpython3/desktop/hostpython3/native-build -c build/temp.linux-x86_64-3.11/conftest-3.c -o build/temp.linux-x86_64-3.11/build/temp.linux-x86_64-3.11/conftest-3.o
build/temp.linux-x86_64-3.11/conftest-3.c:5:26: fatal error: 'net/if_dl.h' file not found
                #include <net/if_dl.h>
                         ^~~~~~~~~~~~~
1 error generated.
/home/robson/.buildozer/android/platform/android-ndk-r25b/toolchains/llvm/prebuilt/linux-x86_64/bin/clang -target aarch64-linux-android21 -fomit-frame-pointer -march=armv8-a -fPIC -Wsign-compare -DNDEBUG -g -fwrapv -O3 -Wall -target aarch64-linux-android21 -fomit-frame-pointer -march=armv8-a -fPIC -I/home/robson/Sandbox/PyCharm/Apps/tap-race/myapp/.buildozer/android/platform/build-arm64-v8a_armeabi-v7a/build/other_builds/python3/arm64-v8a__ndk_target_21/python3/Include -DANDROID -I/home/robson/.buildozer/android/platform/android-ndk-r25b/toolchains/llvm/prebuilt/linux-x86_64/sysroot/usr/include -I/home/robson/Sandbox/PyCharm/Apps/tap-race/myapp/.buildozer/android/platform/build-arm64-v8a_armeabi-v7a/build/python-installs/taprace/arm64-v8a/include/python3.1 -fPIC -DHAVE_GETIFADDRS=1 -DHAVE_GETNAMEINFO=1 -I/home/robson/Sandbox/PyCharm/Apps/tap-race/myapp/.buildozer/android/platform/build-arm64-v8a_armeabi-v7a/build/other_builds/hostpython3/desktop/hostpython3/Include -I/home/robson/Sandbox/PyCharm/Apps/tap-race/myapp/.buildozer/android/platform/build-arm64-v8a_armeabi-v7a/build/other_builds/hostpython3/desktop/hostpython3/native-build -c build/temp.linux-x86_64-3.11/conftest-4.c -o build/temp.linux-x86_64-3.11/build/temp.linux-x86_64-3.11/conftest-4.o
build/temp.linux-x86_64-3.11/conftest-4.c:5:26: fatal error: 'netash/ash.h' file not found
                #include <netash/ash.h>
                         ^~~~~~~~~~~~~~
1 error generated.
/home/robson/.buildozer/android/platform/android-ndk-r25b/toolchains/llvm/prebuilt/linux-x86_64/bin/clang -target aarch64-linux-android21 -fomit-frame-pointer -march=armv8-a -fPIC -Wsign-compare -DNDEBUG -g -fwrapv -O3 -Wall -target aarch64-linux-android21 -fomit-frame-pointer -march=armv8-a -fPIC -I/home/robson/Sandbox/PyCharm/Apps/tap-race/myapp/.buildozer/android/platform/build-arm64-v8a_armeabi-v7a/build/other_builds/python3/arm64-v8a__ndk_target_21/python3/Include -DANDROID -I/home/robson/.buildozer/android/platform/android-ndk-r25b/toolchains/llvm/prebuilt/linux-x86_64/sysroot/usr/include -I/home/robson/Sandbox/PyCharm/Apps/tap-race/myapp/.buildozer/android/platform/build-arm64-v8a_armeabi-v7a/build/python-installs/taprace/arm64-v8a/include/python3.1 -fPIC -DHAVE_GETIFADDRS=1 -DHAVE_GETNAMEINFO=1 -I/home/robson/Sandbox/PyCharm/Apps/tap-race/myapp/.buildozer/android/platform/build-arm64-v8a_armeabi-v7a/build/other_builds/hostpython3/desktop/hostpython3/Include -I/home/robson/Sandbox/PyCharm/Apps/tap-race/myapp/.buildozer/android/platform/build-arm64-v8a_armeabi-v7a/build/other_builds/hostpython3/desktop/hostpython3/native-build -c build/temp.linux-x86_64-3.11/conftest-5.c -o build/temp.linux-x86_64-3.11/build/temp.linux-x86_64-3.11/conftest-5.o
build/temp.linux-x86_64-3.11/conftest-5.c:5:26: fatal error: 'netatalk/at.h' file not found
                #include <netatalk/at.h>
                         ^~~~~~~~~~~~~~~
1 error generated.
/home/robson/.buildozer/android/platform/android-ndk-r25b/toolchains/llvm/prebuilt/linux-x86_64/bin/clang -target aarch64-linux-android21 -fomit-frame-pointer -march=armv8-a -fPIC -Wsign-compare -DNDEBUG -g -fwrapv -O3 -Wall -target aarch64-linux-android21 -fomit-frame-pointer -march=armv8-a -fPIC -I/home/robson/Sandbox/PyCharm/Apps/tap-race/myapp/.buildozer/android/platform/build-arm64-v8a_armeabi-v7a/build/other_builds/python3/arm64-v8a__ndk_target_21/python3/Include -DANDROID -I/home/robson/.buildozer/android/platform/android-ndk-r25b/toolchains/llvm/prebuilt/linux-x86_64/sysroot/usr/include -I/home/robson/Sandbox/PyCharm/Apps/tap-race/myapp/.buildozer/android/platform/build-arm64-v8a_armeabi-v7a/build/python-installs/taprace/arm64-v8a/include/python3.1 -fPIC -DHAVE_GETIFADDRS=1 -DHAVE_GETNAMEINFO=1 -I/home/robson/Sandbox/PyCharm/Apps/tap-race/myapp/.buildozer/android/platform/build-arm64-v8a_armeabi-v7a/build/other_builds/hostpython3/desktop/hostpython3/Include -I/home/robson/Sandbox/PyCharm/Apps/tap-race/myapp/.buildozer/android/platform/build-arm64-v8a_armeabi-v7a/build/other_builds/hostpython3/desktop/hostpython3/native-build -c build/temp.linux-x86_64-3.11/conftest-6.c -o build/temp.linux-x86_64-3.11/build/temp.linux-x86_64-3.11/conftest-6.o
build/temp.linux-x86_64-3.11/conftest-6.c:5:26: fatal error: 'netax25/ax25.h' file not found
                #include <netax25/ax25.h>
                         ^~~~~~~~~~~~~~~~
1 error generated.
/home/robson/.buildozer/android/platform/android-ndk-r25b/toolchains/llvm/prebuilt/linux-x86_64/bin/clang -target aarch64-linux-android21 -fomit-frame-pointer -march=armv8-a -fPIC -Wsign-compare -DNDEBUG -g -fwrapv -O3 -Wall -target aarch64-linux-android21 -fomit-frame-pointer -march=armv8-a -fPIC -I/home/robson/Sandbox/PyCharm/Apps/tap-race/myapp/.buildozer/android/platform/build-arm64-v8a_armeabi-v7a/build/other_builds/python3/arm64-v8a__ndk_target_21/python3/Include -DANDROID -I/home/robson/.buildozer/android/platform/android-ndk-r25b/toolchains/llvm/prebuilt/linux-x86_64/sysroot/usr/include -I/home/robson/Sandbox/PyCharm/Apps/tap-race/myapp/.buildozer/android/platform/build-arm64-v8a_armeabi-v7a/build/python-installs/taprace/arm64-v8a/include/python3.1 -fPIC -DHAVE_GETIFADDRS=1 -DHAVE_GETNAMEINFO=1 -I/home/robson/Sandbox/PyCharm/Apps/tap-race/myapp/.buildozer/android/platform/build-arm64-v8a_armeabi-v7a/build/other_builds/hostpython3/desktop/hostpython3/Include -I/home/robson/Sandbox/PyCharm/Apps/tap-race/myapp/.buildozer/android/platform/build-arm64-v8a_armeabi-v7a/build/other_builds/hostpython3/desktop/hostpython3/native-build -c build/temp.linux-x86_64-3.11/conftest-7.c -o build/temp.linux-x86_64-3.11/build/temp.linux-x86_64-3.11/conftest-7.o
build/temp.linux-x86_64-3.11/conftest-7.c:5:26: fatal error: 'neteconet/ec.h' file not found
                #include <neteconet/ec.h>
                         ^~~~~~~~~~~~~~~~
1 error generated.
/home/robson/.buildozer/android/platform/android-ndk-r25b/toolchains/llvm/prebuilt/linux-x86_64/bin/clang -target aarch64-linux-android21 -fomit-frame-pointer -march=armv8-a -fPIC -Wsign-compare -DNDEBUG -g -fwrapv -O3 -Wall -target aarch64-linux-android21 -fomit-frame-pointer -march=armv8-a -fPIC -I/home/robson/Sandbox/PyCharm/Apps/tap-race/myapp/.buildozer/android/platform/build-arm64-v8a_armeabi-v7a/build/other_builds/python3/arm64-v8a__ndk_target_21/python3/Include -DANDROID -I/home/robson/.buildozer/android/platform/android-ndk-r25b/toolchains/llvm/prebuilt/linux-x86_64/sysroot/usr/include -I/home/robson/Sandbox/PyCharm/Apps/tap-race/myapp/.buildozer/android/platform/build-arm64-v8a_armeabi-v7a/build/python-installs/taprace/arm64-v8a/include/python3.1 -fPIC -DHAVE_GETIFADDRS=1 -DHAVE_GETNAMEINFO=1 -I/home/robson/Sandbox/PyCharm/Apps/tap-race/myapp/.buildozer/android/platform/build-arm64-v8a_armeabi-v7a/build/other_builds/hostpython3/desktop/hostpython3/Include -I/home/robson/Sandbox/PyCharm/Apps/tap-race/myapp/.buildozer/android/platform/build-arm64-v8a_armeabi-v7a/build/other_builds/hostpython3/desktop/hostpython3/native-build -c build/temp.linux-x86_64-3.11/conftest-8.c -o build/temp.linux-x86_64-3.11/build/temp.linux-x86_64-3.11/conftest-8.o
build/temp.linux-x86_64-3.11/conftest-8.c:5:26: fatal error: 'netipx/ipx.h' file not found
                #include <netipx/ipx.h>
                         ^~~~~~~~~~~~~~
1 error generated.
/home/robson/.buildozer/android/platform/android-ndk-r25b/toolchains/llvm/prebuilt/linux-x86_64/bin/clang -target aarch64-linux-android21 -fomit-frame-pointer -march=armv8-a -fPIC -Wsign-compare -DNDEBUG -g -fwrapv -O3 -Wall -target aarch64-linux-android21 -fomit-frame-pointer -march=armv8-a -fPIC -I/home/robson/Sandbox/PyCharm/Apps/tap-race/myapp/.buildozer/android/platform/build-arm64-v8a_armeabi-v7a/build/other_builds/python3/arm64-v8a__ndk_target_21/python3/Include -DANDROID -I/home/robson/.buildozer/android/platform/android-ndk-r25b/toolchains/llvm/prebuilt/linux-x86_64/sysroot/usr/include -I/home/robson/Sandbox/PyCharm/Apps/tap-race/myapp/.buildozer/android/platform/build-arm64-v8a_armeabi-v7a/build/python-installs/taprace/arm64-v8a/include/python3.1 -fPIC -DHAVE_GETIFADDRS=1 -DHAVE_GETNAMEINFO=1 -I/home/robson/Sandbox/PyCharm/Apps/tap-race/myapp/.buildozer/android/platform/build-arm64-v8a_armeabi-v7a/build/other_builds/hostpython3/desktop/hostpython3/Include -I/home/robson/Sandbox/PyCharm/Apps/tap-race/myapp/.buildozer/android/platform/build-arm64-v8a_armeabi-v7a/build/other_builds/hostpython3/desktop/hostpython3/native-build -c build/temp.linux-x86_64-3.11/conftest-9.c -o build/temp.linux-x86_64-3.11/build/temp.linux-x86_64-3.11/conftest-9.o
/home/robson/.buildozer/android/platform/android-ndk-r25b/toolchains/llvm/prebuilt/linux-x86_64/bin/clang -target aarch64-linux-android21 -fomit-frame-pointer -march=armv8-a -fPIC -Wsign-compare -DNDEBUG -g -fwrapv -O3 -Wall -target aarch64-linux-android21 -fomit-frame-pointer -march=armv8-a -fPIC -I/home/robson/Sandbox/PyCharm/Apps/tap-race/myapp/.buildozer/android/platform/build-arm64-v8a_armeabi-v7a/build/other_builds/python3/arm64-v8a__ndk_target_21/python3/Include -DANDROID -I/home/robson/.buildozer/android/platform/android-ndk-r25b/toolchains/llvm/prebuilt/linux-x86_64/sysroot/usr/include -I/home/robson/Sandbox/PyCharm/Apps/tap-race/myapp/.buildozer/android/platform/build-arm64-v8a_armeabi-v7a/build/python-installs/taprace/arm64-v8a/include/python3.1 -fPIC -DHAVE_GETIFADDRS=1 -DHAVE_GETNAMEINFO=1 -I/home/robson/Sandbox/PyCharm/Apps/tap-race/myapp/.buildozer/android/platform/build-arm64-v8a_armeabi-v7a/build/other_builds/hostpython3/desktop/hostpython3/Include -I/home/robson/Sandbox/PyCharm/Apps/tap-race/myapp/.buildozer/android/platform/build-arm64-v8a_armeabi-v7a/build/other_builds/hostpython3/desktop/hostpython3/native-build -c build/temp.linux-x86_64-3.11/conftest-10.c -o build/temp.linux-x86_64-3.11/build/temp.linux-x86_64-3.11/conftest-10.o
build/temp.linux-x86_64-3.11/conftest-10.c:5:26: fatal error: 'netrose/rose.h' file not found
                #include <netrose/rose.h>
                         ^~~~~~~~~~~~~~~~
1 error generated.
/home/robson/.buildozer/android/platform/android-ndk-r25b/toolchains/llvm/prebuilt/linux-x86_64/bin/clang -target aarch64-linux-android21 -fomit-frame-pointer -march=armv8-a -fPIC -Wsign-compare -DNDEBUG -g -fwrapv -O3 -Wall -target aarch64-linux-android21 -fomit-frame-pointer -march=armv8-a -fPIC -I/home/robson/Sandbox/PyCharm/Apps/tap-race/myapp/.buildozer/android/platform/build-arm64-v8a_armeabi-v7a/build/other_builds/python3/arm64-v8a__ndk_target_21/python3/Include -DANDROID -I/home/robson/.buildozer/android/platform/android-ndk-r25b/toolchains/llvm/prebuilt/linux-x86_64/sysroot/usr/include -I/home/robson/Sandbox/PyCharm/Apps/tap-race/myapp/.buildozer/android/platform/build-arm64-v8a_armeabi-v7a/build/python-installs/taprace/arm64-v8a/include/python3.1 -fPIC -DHAVE_GETIFADDRS=1 -DHAVE_GETNAMEINFO=1 -I/home/robson/Sandbox/PyCharm/Apps/tap-race/myapp/.buildozer/android/platform/build-arm64-v8a_armeabi-v7a/build/other_builds/hostpython3/desktop/hostpython3/Include -I/home/robson/Sandbox/PyCharm/Apps/tap-race/myapp/.buildozer/android/platform/build-arm64-v8a_armeabi-v7a/build/other_builds/hostpython3/desktop/hostpython3/native-build -c build/temp.linux-x86_64-3.11/conftest-11.c -o build/temp.linux-x86_64-3.11/build/temp.linux-x86_64-3.11/conftest-11.o
build/temp.linux-x86_64-3.11/conftest-11.c:5:26: fatal error: 'linux/irda.h' file not found
                #include <linux/irda.h>
                         ^~~~~~~~~~~~~~
1 error generated.
/home/robson/.buildozer/android/platform/android-ndk-r25b/toolchains/llvm/prebuilt/linux-x86_64/bin/clang -target aarch64-linux-android21 -fomit-frame-pointer -march=armv8-a -fPIC -Wsign-compare -DNDEBUG -g -fwrapv -O3 -Wall -target aarch64-linux-android21 -fomit-frame-pointer -march=armv8-a -fPIC -I/home/robson/Sandbox/PyCharm/Apps/tap-race/myapp/.buildozer/android/platform/build-arm64-v8a_armeabi-v7a/build/other_builds/python3/arm64-v8a__ndk_target_21/python3/Include -DANDROID -I/home/robson/.buildozer/android/platform/android-ndk-r25b/toolchains/llvm/prebuilt/linux-x86_64/sysroot/usr/include -I/home/robson/Sandbox/PyCharm/Apps/tap-race/myapp/.buildozer/android/platform/build-arm64-v8a_armeabi-v7a/build/python-installs/taprace/arm64-v8a/include/python3.1 -fPIC -DHAVE_GETIFADDRS=1 -DHAVE_GETNAMEINFO=1 -I/home/robson/Sandbox/PyCharm/Apps/tap-race/myapp/.buildozer/android/platform/build-arm64-v8a_armeabi-v7a/build/other_builds/hostpython3/desktop/hostpython3/Include -I/home/robson/Sandbox/PyCharm/Apps/tap-race/myapp/.buildozer/android/platform/build-arm64-v8a_armeabi-v7a/build/other_builds/hostpython3/desktop/hostpython3/native-build -c build/temp.linux-x86_64-3.11/conftest-12.c -o build/temp.linux-x86_64-3.11/build/temp.linux-x86_64-3.11/conftest-12.o
/home/robson/.buildozer/android/platform/android-ndk-r25b/toolchains/llvm/prebuilt/linux-x86_64/bin/clang -target aarch64-linux-android21 -fomit-frame-pointer -march=armv8-a -fPIC -Wsign-compare -DNDEBUG -g -fwrapv -O3 -Wall -target aarch64-linux-android21 -fomit-frame-pointer -march=armv8-a -fPIC -I/home/robson/Sandbox/PyCharm/Apps/tap-race/myapp/.buildozer/android/platform/build-arm64-v8a_armeabi-v7a/build/other_builds/python3/arm64-v8a__ndk_target_21/python3/Include -DANDROID -I/home/robson/.buildozer/android/platform/android-ndk-r25b/toolchains/llvm/prebuilt/linux-x86_64/sysroot/usr/include -I/home/robson/Sandbox/PyCharm/Apps/tap-race/myapp/.buildozer/android/platform/build-arm64-v8a_armeabi-v7a/build/python-installs/taprace/arm64-v8a/include/python3.1 -fPIC -DHAVE_GETIFADDRS=1 -DHAVE_GETNAMEINFO=1 -I/home/robson/Sandbox/PyCharm/Apps/tap-race/myapp/.buildozer/android/platform/build-arm64-v8a_armeabi-v7a/build/other_builds/hostpython3/desktop/hostpython3/Include -I/home/robson/Sandbox/PyCharm/Apps/tap-race/myapp/.buildozer/android/platform/build-arm64-v8a_armeabi-v7a/build/other_builds/hostpython3/desktop/hostpython3/native-build -c build/temp.linux-x86_64-3.11/conftest-13.c -o build/temp.linux-x86_64-3.11/build/temp.linux-x86_64-3.11/conftest-13.o
/home/robson/.buildozer/android/platform/android-ndk-r25b/toolchains/llvm/prebuilt/linux-x86_64/bin/clang -target aarch64-linux-android21 -fomit-frame-pointer -march=armv8-a -fPIC -Wsign-compare -DNDEBUG -g -fwrapv -O3 -Wall -target aarch64-linux-android21 -fomit-frame-pointer -march=armv8-a -fPIC -I/home/robson/Sandbox/PyCharm/Apps/tap-race/myapp/.buildozer/android/platform/build-arm64-v8a_armeabi-v7a/build/other_builds/python3/arm64-v8a__ndk_target_21/python3/Include -DANDROID -I/home/robson/.buildozer/android/platform/android-ndk-r25b/toolchains/llvm/prebuilt/linux-x86_64/sysroot/usr/include -I/home/robson/Sandbox/PyCharm/Apps/tap-race/myapp/.buildozer/android/platform/build-arm64-v8a_armeabi-v7a/build/python-installs/taprace/arm64-v8a/include/python3.1 -fPIC -DHAVE_GETIFADDRS=1 -DHAVE_GETNAMEINFO=1 -I/home/robson/Sandbox/PyCharm/Apps/tap-race/myapp/.buildozer/android/platform/build-arm64-v8a_armeabi-v7a/build/other_builds/hostpython3/desktop/hostpython3/Include -I/home/robson/Sandbox/PyCharm/Apps/tap-race/myapp/.buildozer/android/platform/build-arm64-v8a_armeabi-v7a/build/other_builds/hostpython3/desktop/hostpython3/native-build -c build/temp.linux-x86_64-3.11/conftest-14.c -o build/temp.linux-x86_64-3.11/build/temp.linux-x86_64-3.11/conftest-14.o
/home/robson/.buildozer/android/platform/android-ndk-r25b/toolchains/llvm/prebuilt/linux-x86_64/bin/clang -target aarch64-linux-android21 -fomit-frame-pointer -march=armv8-a -fPIC -Wsign-compare -DNDEBUG -g -fwrapv -O3 -Wall -target aarch64-linux-android21 -fomit-frame-pointer -march=armv8-a -fPIC -I/home/robson/Sandbox/PyCharm/Apps/tap-race/myapp/.buildozer/android/platform/build-arm64-v8a_armeabi-v7a/build/other_builds/python3/arm64-v8a__ndk_target_21/python3/Include -DANDROID -I/home/robson/.buildozer/android/platform/android-ndk-r25b/toolchains/llvm/prebuilt/linux-x86_64/sysroot/usr/include -I/home/robson/Sandbox/PyCharm/Apps/tap-race/myapp/.buildozer/android/platform/build-arm64-v8a_armeabi-v7a/build/python-installs/taprace/arm64-v8a/include/python3.1 -fPIC -DHAVE_GETIFADDRS=1 -DHAVE_GETNAMEINFO=1 -I/home/robson/Sandbox/PyCharm/Apps/tap-race/myapp/.buildozer/android/platform/build-arm64-v8a_armeabi-v7a/build/other_builds/hostpython3/desktop/hostpython3/Include -I/home/robson/Sandbox/PyCharm/Apps/tap-race/myapp/.buildozer/android/platform/build-arm64-v8a_armeabi-v7a/build/other_builds/hostpython3/desktop/hostpython3/native-build -c build/temp.linux-x86_64-3.11/conftest-15.c -o build/temp.linux-x86_64-3.11/build/temp.linux-x86_64-3.11/conftest-15.o
/home/robson/.buildozer/android/platform/android-ndk-r25b/toolchains/llvm/prebuilt/linux-x86_64/bin/clang -target aarch64-linux-android21 -fomit-frame-pointer -march=armv8-a -fPIC -Wsign-compare -DNDEBUG -g -fwrapv -O3 -Wall -target aarch64-linux-android21 -fomit-frame-pointer -march=armv8-a -fPIC -I/home/robson/Sandbox/PyCharm/Apps/tap-race/myapp/.buildozer/android/platform/build-arm64-v8a_armeabi-v7a/build/other_builds/python3/arm64-v8a__ndk_target_21/python3/Include -DANDROID -I/home/robson/.buildozer/android/platform/android-ndk-r25b/toolchains/llvm/prebuilt/linux-x86_64/sysroot/usr/include -I/home/robson/Sandbox/PyCharm/Apps/tap-race/myapp/.buildozer/android/platform/build-arm64-v8a_armeabi-v7a/build/python-installs/taprace/arm64-v8a/include/python3.1 -fPIC -DHAVE_GETIFADDRS=1 -DHAVE_GETNAMEINFO=1 -DHAVE_NETPACKET_PACKET_H=1 -DHAVE_LINUX_ATM_H=1 -DHAVE_LINUX_LLC_H=1 -DHAVE_LINUX_TIPC_H=1 -DHAVE_LINUX_DN_H=1 -I/home/robson/Sandbox/PyCharm/Apps/tap-race/myapp/.buildozer/android/platform/build-arm64-v8a_armeabi-v7a/build/other_builds/hostpython3/desktop/hostpython3/Include -I/home/robson/Sandbox/PyCharm/Apps/tap-race/myapp/.buildozer/android/platform/build-arm64-v8a_armeabi-v7a/build/other_builds/hostpython3/desktop/hostpython3/native-build -c build/temp.linux-x86_64-3.11/conftest-16.c -o build/temp.linux-x86_64-3.11/build/temp.linux-x86_64-3.11/conftest-16.o
build/temp.linux-x86_64-3.11/conftest-16.c:8:18: error: no member named 'sa_len' in 'struct sockaddr'
              sa.sa_len = 5;
              ~~ ^
1 error generated.
